2013-10-09 18:01:46 ERROR debug:144 - 
java.util.MissingResourceException: Can't find resource for bundle java.util.PropertyResourceBundle, key HOME
	at java.util.ResourceBundle.getObject(ResourceBundle.java:395)
	at java.util.ResourceBundle.getString(ResourceBundle.java:355)
	at demo.app.util.LanguageHelper.getString(LanguageHelper.java:57)
	at demo.app.ScreenManager.loadHomeScene(ScreenManager.java:37)
	at demo.app.DemoApp.start(DemoApp.java:42)
	at com.sun.javafx.application.LauncherImpl$5.run(LauncherImpl.java:319)
	at com.sun.javafx.application.PlatformImpl$5.run(PlatformImpl.java:215)
	at com.sun.javafx.application.PlatformImpl$4$1.run(PlatformImpl.java:179)
	at com.sun.javafx.application.PlatformImpl$4$1.run(PlatformImpl.java:176)
	at java.security.AccessController.doPrivileged(Native Method)
	at com.sun.javafx.application.PlatformImpl$4.run(PlatformImpl.java:176)
	at com.sun.glass.ui.win.WinApplication._runLoop(Native Method)
	at com.sun.glass.ui.win.WinApplication.access$100(WinApplication.java:29)
	at com.sun.glass.ui.win.WinApplication$3$1.run(WinApplication.java:73)
	at java.lang.Thread.run(Thread.java:724)
2013-10-09 18:02:19 ERROR debug:144 - 
java.util.MissingResourceException: Can't find resource for bundle java.util.PropertyResourceBundle, key HOME
	at java.util.ResourceBundle.getObject(ResourceBundle.java:395)
	at java.util.ResourceBundle.getString(ResourceBundle.java:355)
	at demo.app.util.LanguageHelper.getString(LanguageHelper.java:57)
	at demo.app.ScreenManager.loadHomeScene(ScreenManager.java:37)
	at demo.app.DemoApp.start(DemoApp.java:42)
	at com.sun.javafx.application.LauncherImpl$5.run(LauncherImpl.java:319)
	at com.sun.javafx.application.PlatformImpl$5.run(PlatformImpl.java:215)
	at com.sun.javafx.application.PlatformImpl$4$1.run(PlatformImpl.java:179)
	at com.sun.javafx.application.PlatformImpl$4$1.run(PlatformImpl.java:176)
	at java.security.AccessController.doPrivileged(Native Method)
	at com.sun.javafx.application.PlatformImpl$4.run(PlatformImpl.java:176)
	at com.sun.glass.ui.win.WinApplication._runLoop(Native Method)
	at com.sun.glass.ui.win.WinApplication.access$100(WinApplication.java:29)
	at com.sun.glass.ui.win.WinApplication$3$1.run(WinApplication.java:73)
	at java.lang.Thread.run(Thread.java:724)
2013-10-09 18:02:51 ERROR debug:144 - 
java.lang.NullPointerException
	at sun.misc.MetaIndex.mayContain(MetaIndex.java:243)
	at sun.misc.URLClassPath$JarLoader.getResource(URLClassPath.java:822)
	at sun.misc.URLClassPath.getResource(URLClassPath.java:199)
	at sun.misc.URLClassPath.getResource(URLClassPath.java:251)
	at java.lang.ClassLoader.getBootstrapResource(ClassLoader.java:1297)
	at java.lang.ClassLoader.getResource(ClassLoader.java:1136)
	at java.lang.Class.getResource(Class.java:2132)
	at demo.app.common.ModuleBase.loadViewByPath(ModuleBase.java:41)
	at demo.app.common.ModuleBase.loadView(ModuleBase.java:36)
	at demo.app.common.ModuleBase.loadView(ModuleBase.java:27)
	at demo.app.ui.HomeController.initComponent(HomeController.java:46)
	at demo.app.ui.HomeController.getView(HomeController.java:39)
	at demo.app.ScreenManager.replaceSceneContent(ScreenManager.java:53)
	at demo.app.ScreenManager.loadHomeScene(ScreenManager.java:38)
	at demo.app.DemoApp.start(DemoApp.java:42)
	at com.sun.javafx.application.LauncherImpl$5.run(LauncherImpl.java:319)
	at com.sun.javafx.application.PlatformImpl$5.run(PlatformImpl.java:215)
	at com.sun.javafx.application.PlatformImpl$4$1.run(PlatformImpl.java:179)
	at com.sun.javafx.application.PlatformImpl$4$1.run(PlatformImpl.java:176)
	at java.security.AccessController.doPrivileged(Native Method)
	at com.sun.javafx.application.PlatformImpl$4.run(PlatformImpl.java:176)
	at com.sun.glass.ui.win.WinApplication._runLoop(Native Method)
	at com.sun.glass.ui.win.WinApplication.access$100(WinApplication.java:29)
	at com.sun.glass.ui.win.WinApplication$3$1.run(WinApplication.java:73)
	at java.lang.Thread.run(Thread.java:724)
2013-10-09 18:03:34 ERROR debug:144 - 
java.lang.NullPointerException
	at sun.misc.MetaIndex.mayContain(MetaIndex.java:243)
	at sun.misc.URLClassPath$JarLoader.getResource(URLClassPath.java:822)
	at sun.misc.URLClassPath.getResource(URLClassPath.java:199)
	at sun.misc.URLClassPath.getResource(URLClassPath.java:251)
	at java.lang.ClassLoader.getBootstrapResource(ClassLoader.java:1297)
	at java.lang.ClassLoader.getResource(ClassLoader.java:1136)
	at java.lang.Class.getResource(Class.java:2132)
	at demo.app.common.ModuleBase.loadViewByPath(ModuleBase.java:41)
	at demo.app.common.ModuleBase.loadView(ModuleBase.java:36)
	at demo.app.common.ModuleBase.loadView(ModuleBase.java:27)
	at demo.app.ui.HomeController.initComponent(HomeController.java:46)
	at demo.app.ui.HomeController.getView(HomeController.java:39)
	at demo.app.ScreenManager.replaceSceneContent(ScreenManager.java:53)
	at demo.app.ScreenManager.loadHomeScene(ScreenManager.java:38)
	at demo.app.DemoApp.start(DemoApp.java:42)
	at com.sun.javafx.application.LauncherImpl$5.run(LauncherImpl.java:319)
	at com.sun.javafx.application.PlatformImpl$5.run(PlatformImpl.java:215)
	at com.sun.javafx.application.PlatformImpl$4$1.run(PlatformImpl.java:179)
	at com.sun.javafx.application.PlatformImpl$4$1.run(PlatformImpl.java:176)
	at java.security.AccessController.doPrivileged(Native Method)
	at com.sun.javafx.application.PlatformImpl$4.run(PlatformImpl.java:176)
	at com.sun.glass.ui.win.WinApplication._runLoop(Native Method)
	at com.sun.glass.ui.win.WinApplication.access$100(WinApplication.java:29)
	at com.sun.glass.ui.win.WinApplication$3$1.run(WinApplication.java:73)
	at java.lang.Thread.run(Thread.java:724)
2013-10-09 18:04:32 ERROR debug:144 - 
java.lang.NullPointerException
	at sun.misc.MetaIndex.mayContain(MetaIndex.java:243)
	at sun.misc.URLClassPath$JarLoader.getResource(URLClassPath.java:822)
	at sun.misc.URLClassPath.getResource(URLClassPath.java:199)
	at sun.misc.URLClassPath.getResource(URLClassPath.java:251)
	at java.lang.ClassLoader.getBootstrapResource(ClassLoader.java:1297)
	at java.lang.ClassLoader.getResource(ClassLoader.java:1136)
	at java.lang.Class.getResource(Class.java:2132)
	at demo.app.common.ModuleBase.loadViewByPath(ModuleBase.java:41)
	at demo.app.common.ModuleBase.loadView(ModuleBase.java:36)
	at demo.app.common.ModuleBase.loadView(ModuleBase.java:27)
	at demo.app.ui.HomeController.initComponent(HomeController.java:46)
	at demo.app.ui.HomeController.getView(HomeController.java:39)
	at demo.app.ScreenManager.replaceSceneContent(ScreenManager.java:53)
	at demo.app.ScreenManager.loadHomeScene(ScreenManager.java:38)
	at demo.app.DemoApp.start(DemoApp.java:42)
	at com.sun.javafx.application.LauncherImpl$5.run(LauncherImpl.java:319)
	at com.sun.javafx.application.PlatformImpl$5.run(PlatformImpl.java:215)
	at com.sun.javafx.application.PlatformImpl$4$1.run(PlatformImpl.java:179)
	at com.sun.javafx.application.PlatformImpl$4$1.run(PlatformImpl.java:176)
	at java.security.AccessController.doPrivileged(Native Method)
	at com.sun.javafx.application.PlatformImpl$4.run(PlatformImpl.java:176)
	at com.sun.glass.ui.win.WinApplication._runLoop(Native Method)
	at com.sun.glass.ui.win.WinApplication.access$100(WinApplication.java:29)
	at com.sun.glass.ui.win.WinApplication$3$1.run(WinApplication.java:73)
	at java.lang.Thread.run(Thread.java:724)
2013-10-09 18:07:11 ERROR debug:144 - 
demo.app.exceptions.RuntimeExceptionWrapper: Could not load FXML file from: /open/dolphin/ui/login/home.fxml
	at javafx.fxml.FXMLLoader.load(FXMLLoader.java:2021)
	at demo.app.common.ModuleBase.loadViewByPath(ModuleBase.java:46)
	at demo.app.common.ModuleBase.loadView(ModuleBase.java:36)
	at demo.app.common.ModuleBase.loadView(ModuleBase.java:27)
	at demo.app.ui.HomeController.initComponent(HomeController.java:46)
	at demo.app.ui.HomeController.getView(HomeController.java:39)
	at demo.app.ScreenManager.replaceSceneContent(ScreenManager.java:53)
	at demo.app.ScreenManager.loadHomeScene(ScreenManager.java:38)
	at demo.app.DemoApp.start(DemoApp.java:42)
	at com.sun.javafx.application.LauncherImpl$5.run(LauncherImpl.java:319)
	at com.sun.javafx.application.PlatformImpl$5.run(PlatformImpl.java:215)
	at com.sun.javafx.application.PlatformImpl$4$1.run(PlatformImpl.java:179)
	at com.sun.javafx.application.PlatformImpl$4$1.run(PlatformImpl.java:176)
	at java.security.AccessController.doPrivileged(Native Method)
	at com.sun.javafx.application.PlatformImpl$4.run(PlatformImpl.java:176)
	at com.sun.glass.ui.win.WinApplication._runLoop(Native Method)
	at com.sun.glass.ui.win.WinApplication.access$100(WinApplication.java:29)
	at com.sun.glass.ui.win.WinApplication$3$1.run(WinApplication.java:73)
	at java.lang.Thread.run(Thread.java:724)
2013-10-09 18:08:53 ERROR debug:144 - 
demo.app.exceptions.RuntimeExceptionWrapper: Could not load FXML file from: /demo/app/ui/home.fxml
	at javafx.fxml.FXMLLoader.load(FXMLLoader.java:2021)
	at demo.app.common.ModuleBase.loadViewByPath(ModuleBase.java:46)
	at demo.app.common.ModuleBase.loadView(ModuleBase.java:36)
	at demo.app.common.ModuleBase.loadView(ModuleBase.java:27)
	at demo.app.ui.HomeController.initComponent(HomeController.java:46)
	at demo.app.ui.HomeController.getView(HomeController.java:39)
	at demo.app.ScreenManager.replaceSceneContent(ScreenManager.java:53)
	at demo.app.ScreenManager.loadHomeScene(ScreenManager.java:38)
	at demo.app.DemoApp.start(DemoApp.java:42)
	at com.sun.javafx.application.LauncherImpl$5.run(LauncherImpl.java:319)
	at com.sun.javafx.application.PlatformImpl$5.run(PlatformImpl.java:215)
	at com.sun.javafx.application.PlatformImpl$4$1.run(PlatformImpl.java:179)
	at com.sun.javafx.application.PlatformImpl$4$1.run(PlatformImpl.java:176)
	at java.security.AccessController.doPrivileged(Native Method)
	at com.sun.javafx.application.PlatformImpl$4.run(PlatformImpl.java:176)
	at com.sun.glass.ui.win.WinApplication._runLoop(Native Method)
	at com.sun.glass.ui.win.WinApplication.access$100(WinApplication.java:29)
	at com.sun.glass.ui.win.WinApplication$3$1.run(WinApplication.java:73)
	at java.lang.Thread.run(Thread.java:724)
2013-10-09 18:09:26 ERROR debug:144 - 
demo.app.exceptions.RuntimeExceptionWrapper: Could not load FXML file from: /demo/app/ui/home.fxml
	at javafx.fxml.FXMLLoader.load(FXMLLoader.java:2021)
	at demo.app.common.ModuleBase.loadViewByPath(ModuleBase.java:46)
	at demo.app.common.ModuleBase.loadView(ModuleBase.java:36)
	at demo.app.common.ModuleBase.loadView(ModuleBase.java:27)
	at demo.app.ui.HomeController.initComponent(HomeController.java:46)
	at demo.app.ui.HomeController.getView(HomeController.java:39)
	at demo.app.ScreenManager.replaceSceneContent(ScreenManager.java:53)
	at demo.app.ScreenManager.loadHomeScene(ScreenManager.java:38)
	at demo.app.DemoApp.start(DemoApp.java:42)
	at com.sun.javafx.application.LauncherImpl$5.run(LauncherImpl.java:319)
	at com.sun.javafx.application.PlatformImpl$5.run(PlatformImpl.java:215)
	at com.sun.javafx.application.PlatformImpl$4$1.run(PlatformImpl.java:179)
	at com.sun.javafx.application.PlatformImpl$4$1.run(PlatformImpl.java:176)
	at java.security.AccessController.doPrivileged(Native Method)
	at com.sun.javafx.application.PlatformImpl$4.run(PlatformImpl.java:176)
	at com.sun.glass.ui.win.WinApplication._runLoop(Native Method)
	at com.sun.glass.ui.win.WinApplication.access$100(WinApplication.java:29)
	at com.sun.glass.ui.win.WinApplication$3$1.run(WinApplication.java:73)
	at java.lang.Thread.run(Thread.java:724)
2013-10-09 18:10:00 ERROR debug:144 - 
demo.app.exceptions.RuntimeExceptionWrapper: Could not load FXML file from: /demo/app/ui/Home.fxml
	at javafx.fxml.FXMLLoader.createElement(FXMLLoader.java:2362)
	at javafx.fxml.FXMLLoader.processStartElement(FXMLLoader.java:2311)
	at javafx.fxml.FXMLLoader.load(FXMLLoader.java:2131)
	at javafx.fxml.FXMLLoader.load(FXMLLoader.java:2028)
	at demo.app.common.ModuleBase.loadViewByPath(ModuleBase.java:46)
	at demo.app.common.ModuleBase.loadView(ModuleBase.java:36)
	at demo.app.common.ModuleBase.loadView(ModuleBase.java:27)
	at demo.app.ui.HomeController.initComponent(HomeController.java:46)
	at demo.app.ui.HomeController.getView(HomeController.java:39)
	at demo.app.ScreenManager.replaceSceneContent(ScreenManager.java:53)
	at demo.app.ScreenManager.loadHomeScene(ScreenManager.java:38)
	at demo.app.DemoApp.start(DemoApp.java:42)
	at com.sun.javafx.application.LauncherImpl$5.run(LauncherImpl.java:319)
	at com.sun.javafx.application.PlatformImpl$5.run(PlatformImpl.java:215)
	at com.sun.javafx.application.PlatformImpl$4$1.run(PlatformImpl.java:179)
	at com.sun.javafx.application.PlatformImpl$4$1.run(PlatformImpl.java:176)
	at java.security.AccessController.doPrivileged(Native Method)
	at com.sun.javafx.application.PlatformImpl$4.run(PlatformImpl.java:176)
	at com.sun.glass.ui.win.WinApplication._runLoop(Native Method)
	at com.sun.glass.ui.win.WinApplication.access$100(WinApplication.java:29)
	at com.sun.glass.ui.win.WinApplication$3$1.run(WinApplication.java:73)
	at java.lang.Thread.run(Thread.java:724)
2013-10-09 18:10:24 ERROR debug:144 - 
demo.app.exceptions.RuntimeExceptionWrapper: Could not load FXML file from: /demo/app/ui/Home.fxml
	at javafx.fxml.FXMLLoader.createElement(FXMLLoader.java:2362)
	at javafx.fxml.FXMLLoader.processStartElement(FXMLLoader.java:2311)
	at javafx.fxml.FXMLLoader.load(FXMLLoader.java:2131)
	at javafx.fxml.FXMLLoader.load(FXMLLoader.java:2028)
	at demo.app.common.ModuleBase.loadViewByPath(ModuleBase.java:46)
	at demo.app.common.ModuleBase.loadView(ModuleBase.java:36)
	at demo.app.common.ModuleBase.loadView(ModuleBase.java:27)
	at demo.app.ui.HomeController.initComponent(HomeController.java:46)
	at demo.app.ui.HomeController.getView(HomeController.java:39)
	at demo.app.ScreenManager.replaceSceneContent(ScreenManager.java:53)
	at demo.app.ScreenManager.loadHomeScene(ScreenManager.java:38)
	at demo.app.DemoApp.start(DemoApp.java:42)
	at com.sun.javafx.application.LauncherImpl$5.run(LauncherImpl.java:319)
	at com.sun.javafx.application.PlatformImpl$5.run(PlatformImpl.java:215)
	at com.sun.javafx.application.PlatformImpl$4$1.run(PlatformImpl.java:179)
	at com.sun.javafx.application.PlatformImpl$4$1.run(PlatformImpl.java:176)
	at java.security.AccessController.doPrivileged(Native Method)
	at com.sun.javafx.application.PlatformImpl$4.run(PlatformImpl.java:176)
	at com.sun.glass.ui.win.WinApplication._runLoop(Native Method)
	at com.sun.glass.ui.win.WinApplication.access$100(WinApplication.java:29)
	at com.sun.glass.ui.win.WinApplication$3$1.run(WinApplication.java:73)
	at java.lang.Thread.run(Thread.java:724)
2013-10-09 18:11:24 ERROR debug:144 - 
demo.app.exceptions.RuntimeExceptionWrapper: Could not load FXML file from: /demo/app/ui/Home.fxml
	at javafx.fxml.FXMLLoader.createElement(FXMLLoader.java:2362)
	at javafx.fxml.FXMLLoader.processStartElement(FXMLLoader.java:2311)
	at javafx.fxml.FXMLLoader.load(FXMLLoader.java:2131)
	at javafx.fxml.FXMLLoader.load(FXMLLoader.java:2028)
	at demo.app.common.ModuleBase.loadViewByPath(ModuleBase.java:46)
	at demo.app.common.ModuleBase.loadView(ModuleBase.java:36)
	at demo.app.common.ModuleBase.loadView(ModuleBase.java:27)
	at demo.app.ui.HomeController.initComponent(HomeController.java:46)
	at demo.app.ui.HomeController.getView(HomeController.java:39)
	at demo.app.ScreenManager.replaceSceneContent(ScreenManager.java:53)
	at demo.app.ScreenManager.loadHomeScene(ScreenManager.java:38)
	at demo.app.DemoApp.start(DemoApp.java:42)
	at com.sun.javafx.application.LauncherImpl$5.run(LauncherImpl.java:319)
	at com.sun.javafx.application.PlatformImpl$5.run(PlatformImpl.java:215)
	at com.sun.javafx.application.PlatformImpl$4$1.run(PlatformImpl.java:179)
	at com.sun.javafx.application.PlatformImpl$4$1.run(PlatformImpl.java:176)
	at java.security.AccessController.doPrivileged(Native Method)
	at com.sun.javafx.application.PlatformImpl$4.run(PlatformImpl.java:176)
	at com.sun.glass.ui.win.WinApplication._runLoop(Native Method)
	at com.sun.glass.ui.win.WinApplication.access$100(WinApplication.java:29)
	at com.sun.glass.ui.win.WinApplication$3$1.run(WinApplication.java:73)
	at java.lang.Thread.run(Thread.java:724)
2013-10-10 10:40:18 ERROR debug:144 - 
java.lang.NullPointerException
	at sun.misc.MetaIndex.mayContain(MetaIndex.java:243)
	at sun.misc.URLClassPath$JarLoader.getResource(URLClassPath.java:822)
	at sun.misc.URLClassPath.getResource(URLClassPath.java:199)
	at sun.misc.URLClassPath.getResource(URLClassPath.java:251)
	at java.lang.ClassLoader.getBootstrapResource(ClassLoader.java:1297)
	at java.lang.ClassLoader.getResource(ClassLoader.java:1136)
	at java.lang.Class.getResource(Class.java:2132)
	at demo.app.common.ModuleBase.loadViewByPath(ModuleBase.java:41)
	at demo.app.common.ModuleBase.loadView(ModuleBase.java:36)
	at demo.app.common.ModuleBase.loadView(ModuleBase.java:27)
	at demo.app.ui.HomeController.initComponent(HomeController.java:63)
	at demo.app.ui.HomeController.getView(HomeController.java:56)
	at demo.app.ScreenManager.replaceSceneContent(ScreenManager.java:80)
	at demo.app.ScreenManager.loadHomeScene(ScreenManager.java:44)
	at demo.app.DemoApp.start(DemoApp.java:42)
	at com.sun.javafx.application.LauncherImpl$5.run(LauncherImpl.java:319)
	at com.sun.javafx.application.PlatformImpl$5.run(PlatformImpl.java:215)
	at com.sun.javafx.application.PlatformImpl$4$1.run(PlatformImpl.java:179)
	at com.sun.javafx.application.PlatformImpl$4$1.run(PlatformImpl.java:176)
	at java.security.AccessController.doPrivileged(Native Method)
	at com.sun.javafx.application.PlatformImpl$4.run(PlatformImpl.java:176)
	at com.sun.glass.ui.win.WinApplication._runLoop(Native Method)
	at com.sun.glass.ui.win.WinApplication.access$100(WinApplication.java:29)
	at com.sun.glass.ui.win.WinApplication$3$1.run(WinApplication.java:73)
	at java.lang.Thread.run(Thread.java:724)
2013-10-11 11:45:03 ERROR debug:144 - 
java.lang.ClassCastException: java.util.ArrayList cannot be cast to javafx.collections.ObservableList
	at demo.app.ui.HomeController.initComponent(HomeController.java:97)
	at demo.app.ui.HomeController.getView(HomeController.java:91)
	at demo.app.ScreenManager.replaceSceneContent(ScreenManager.java:93)
	at demo.app.ScreenManager.loadHomeScene(ScreenManager.java:49)
	at demo.app.DemoApp.start(DemoApp.java:48)
	at com.sun.javafx.application.LauncherImpl$5.run(LauncherImpl.java:319)
	at com.sun.javafx.application.PlatformImpl$5.run(PlatformImpl.java:215)
	at com.sun.javafx.application.PlatformImpl$4$1.run(PlatformImpl.java:179)
	at com.sun.javafx.application.PlatformImpl$4$1.run(PlatformImpl.java:176)
	at java.security.AccessController.doPrivileged(Native Method)
	at com.sun.javafx.application.PlatformImpl$4.run(PlatformImpl.java:176)
	at com.sun.glass.ui.win.WinApplication._runLoop(Native Method)
	at com.sun.glass.ui.win.WinApplication.access$100(WinApplication.java:29)
	at com.sun.glass.ui.win.WinApplication$3$1.run(WinApplication.java:73)
	at java.lang.Thread.run(Thread.java:724)
2013-10-11 11:59:35 ERROR debug:144 - 
java.lang.NullPointerException
	at demo.app.ui.HomeController.initComponent(HomeController.java:103)
	at demo.app.ui.HomeController.getView(HomeController.java:91)
	at demo.app.ScreenManager.replaceSceneContent(ScreenManager.java:93)
	at demo.app.ScreenManager.loadHomeScene(ScreenManager.java:49)
	at demo.app.DemoApp.start(DemoApp.java:48)
	at com.sun.javafx.application.LauncherImpl$5.run(LauncherImpl.java:319)
	at com.sun.javafx.application.PlatformImpl$5.run(PlatformImpl.java:215)
	at com.sun.javafx.application.PlatformImpl$4$1.run(PlatformImpl.java:179)
	at com.sun.javafx.application.PlatformImpl$4$1.run(PlatformImpl.java:176)
	at java.security.AccessController.doPrivileged(Native Method)
	at com.sun.javafx.application.PlatformImpl$4.run(PlatformImpl.java:176)
	at com.sun.glass.ui.win.WinApplication._runLoop(Native Method)
	at com.sun.glass.ui.win.WinApplication.access$100(WinApplication.java:29)
	at com.sun.glass.ui.win.WinApplication$3$1.run(WinApplication.java:73)
	at java.lang.Thread.run(Thread.java:724)
2013-10-11 13:14:46 ERROR debug:144 - 
java.lang.NullPointerException
	at demo.app.ui.HomeController.initComponent(HomeController.java:103)
	at demo.app.ui.HomeController.getView(HomeController.java:91)
	at demo.app.ScreenManager.replaceSceneContent(ScreenManager.java:93)
	at demo.app.ScreenManager.loadHomeScene(ScreenManager.java:49)
	at demo.app.DemoApp.start(DemoApp.java:48)
	at com.sun.javafx.application.LauncherImpl$5.run(LauncherImpl.java:319)
	at com.sun.javafx.application.PlatformImpl$5.run(PlatformImpl.java:215)
	at com.sun.javafx.application.PlatformImpl$4$1.run(PlatformImpl.java:179)
	at com.sun.javafx.application.PlatformImpl$4$1.run(PlatformImpl.java:176)
	at java.security.AccessController.doPrivileged(Native Method)
	at com.sun.javafx.application.PlatformImpl$4.run(PlatformImpl.java:176)
	at com.sun.glass.ui.win.WinApplication._runLoop(Native Method)
	at com.sun.glass.ui.win.WinApplication.access$100(WinApplication.java:29)
	at com.sun.glass.ui.win.WinApplication$3$1.run(WinApplication.java:73)
	at java.lang.Thread.run(Thread.java:724)
2013-10-11 13:20:41 ERROR debug:144 - 
java.lang.NullPointerException
	at demo.app.ui.HomeController.initComponent(HomeController.java:104)
	at demo.app.ui.HomeController.getView(HomeController.java:91)
	at demo.app.ScreenManager.replaceSceneContent(ScreenManager.java:93)
	at demo.app.ScreenManager.loadHomeScene(ScreenManager.java:49)
	at demo.app.DemoApp.start(DemoApp.java:48)
	at com.sun.javafx.application.LauncherImpl$5.run(LauncherImpl.java:319)
	at com.sun.javafx.application.PlatformImpl$5.run(PlatformImpl.java:215)
	at com.sun.javafx.application.PlatformImpl$4$1.run(PlatformImpl.java:179)
	at com.sun.javafx.application.PlatformImpl$4$1.run(PlatformImpl.java:176)
	at java.security.AccessController.doPrivileged(Native Method)
	at com.sun.javafx.application.PlatformImpl$4.run(PlatformImpl.java:176)
	at com.sun.glass.ui.win.WinApplication._runLoop(Native Method)
	at com.sun.glass.ui.win.WinApplication.access$100(WinApplication.java:29)
	at com.sun.glass.ui.win.WinApplication$3$1.run(WinApplication.java:73)
	at java.lang.Thread.run(Thread.java:724)
2013-10-11 13:22:27 ERROR debug:144 - 
java.lang.NullPointerException
	at demo.app.ui.HomeController.initComponent(HomeController.java:105)
	at demo.app.ui.HomeController.getView(HomeController.java:91)
	at demo.app.ScreenManager.replaceSceneContent(ScreenManager.java:93)
	at demo.app.ScreenManager.loadHomeScene(ScreenManager.java:49)
	at demo.app.DemoApp.start(DemoApp.java:48)
	at com.sun.javafx.application.LauncherImpl$5.run(LauncherImpl.java:319)
	at com.sun.javafx.application.PlatformImpl$5.run(PlatformImpl.java:215)
	at com.sun.javafx.application.PlatformImpl$4$1.run(PlatformImpl.java:179)
	at com.sun.javafx.application.PlatformImpl$4$1.run(PlatformImpl.java:176)
	at java.security.AccessController.doPrivileged(Native Method)
	at com.sun.javafx.application.PlatformImpl$4.run(PlatformImpl.java:176)
	at com.sun.glass.ui.win.WinApplication._runLoop(Native Method)
	at com.sun.glass.ui.win.WinApplication.access$100(WinApplication.java:29)
	at com.sun.glass.ui.win.WinApplication$3$1.run(WinApplication.java:73)
	at java.lang.Thread.run(Thread.java:724)
2013-10-11 13:23:06 ERROR debug:144 - 
java.lang.NullPointerException
	at demo.app.ui.HomeController.initComponent(HomeController.java:105)
	at demo.app.ui.HomeController.getView(HomeController.java:91)
	at demo.app.ScreenManager.replaceSceneContent(ScreenManager.java:93)
	at demo.app.ScreenManager.loadHomeScene(ScreenManager.java:49)
	at demo.app.DemoApp.start(DemoApp.java:48)
	at com.sun.javafx.application.LauncherImpl$5.run(LauncherImpl.java:319)
	at com.sun.javafx.application.PlatformImpl$5.run(PlatformImpl.java:215)
	at com.sun.javafx.application.PlatformImpl$4$1.run(PlatformImpl.java:179)
	at com.sun.javafx.application.PlatformImpl$4$1.run(PlatformImpl.java:176)
	at java.security.AccessController.doPrivileged(Native Method)
	at com.sun.javafx.application.PlatformImpl$4.run(PlatformImpl.java:176)
	at com.sun.glass.ui.win.WinApplication._runLoop(Native Method)
	at com.sun.glass.ui.win.WinApplication.access$100(WinApplication.java:29)
	at com.sun.glass.ui.win.WinApplication$3$1.run(WinApplication.java:73)
	at java.lang.Thread.run(Thread.java:724)
2013-10-11 13:24:37 ERROR debug:144 - 
java.lang.NullPointerException
	at demo.app.ui.HomeController.initComponent(HomeController.java:106)
	at demo.app.ui.HomeController.getView(HomeController.java:91)
	at demo.app.ScreenManager.replaceSceneContent(ScreenManager.java:93)
	at demo.app.ScreenManager.loadHomeScene(ScreenManager.java:49)
	at demo.app.DemoApp.start(DemoApp.java:48)
	at com.sun.javafx.application.LauncherImpl$5.run(LauncherImpl.java:319)
	at com.sun.javafx.application.PlatformImpl$5.run(PlatformImpl.java:215)
	at com.sun.javafx.application.PlatformImpl$4$1.run(PlatformImpl.java:179)
	at com.sun.javafx.application.PlatformImpl$4$1.run(PlatformImpl.java:176)
	at java.security.AccessController.doPrivileged(Native Method)
	at com.sun.javafx.application.PlatformImpl$4.run(PlatformImpl.java:176)
	at com.sun.glass.ui.win.WinApplication._runLoop(Native Method)
	at com.sun.glass.ui.win.WinApplication.access$100(WinApplication.java:29)
	at com.sun.glass.ui.win.WinApplication$3$1.run(WinApplication.java:73)
	at java.lang.Thread.run(Thread.java:724)
2013-10-11 13:26:38 ERROR debug:144 - 
java.lang.NullPointerException
	at demo.app.ui.HomeController.initComponent(HomeController.java:106)
	at demo.app.ui.HomeController.getView(HomeController.java:91)
	at demo.app.ScreenManager.replaceSceneContent(ScreenManager.java:93)
	at demo.app.ScreenManager.loadHomeScene(ScreenManager.java:49)
	at demo.app.DemoApp.start(DemoApp.java:48)
	at com.sun.javafx.application.LauncherImpl$5.run(LauncherImpl.java:319)
	at com.sun.javafx.application.PlatformImpl$5.run(PlatformImpl.java:215)
	at com.sun.javafx.application.PlatformImpl$4$1.run(PlatformImpl.java:179)
	at com.sun.javafx.application.PlatformImpl$4$1.run(PlatformImpl.java:176)
	at java.security.AccessController.doPrivileged(Native Method)
	at com.sun.javafx.application.PlatformImpl$4.run(PlatformImpl.java:176)
	at com.sun.glass.ui.win.WinApplication._runLoop(Native Method)
	at com.sun.glass.ui.win.WinApplication.access$100(WinApplication.java:29)
	at com.sun.glass.ui.win.WinApplication$3$1.run(WinApplication.java:73)
	at java.lang.Thread.run(Thread.java:724)
2013-10-11 13:27:53 ERROR debug:144 - 
java.lang.NullPointerException
	at demo.app.ui.HomeController.initComponent(HomeController.java:106)
	at demo.app.ui.HomeController.getView(HomeController.java:91)
	at demo.app.ScreenManager.replaceSceneContent(ScreenManager.java:93)
	at demo.app.ScreenManager.loadHomeScene(ScreenManager.java:49)
	at demo.app.DemoApp.start(DemoApp.java:48)
	at com.sun.javafx.application.LauncherImpl$5.run(LauncherImpl.java:319)
	at com.sun.javafx.application.PlatformImpl$5.run(PlatformImpl.java:215)
	at com.sun.javafx.application.PlatformImpl$4$1.run(PlatformImpl.java:179)
	at com.sun.javafx.application.PlatformImpl$4$1.run(PlatformImpl.java:176)
	at java.security.AccessController.doPrivileged(Native Method)
	at com.sun.javafx.application.PlatformImpl$4.run(PlatformImpl.java:176)
	at com.sun.glass.ui.win.WinApplication._runLoop(Native Method)
	at com.sun.glass.ui.win.WinApplication.access$100(WinApplication.java:29)
	at com.sun.glass.ui.win.WinApplication$3$1.run(WinApplication.java:73)
	at java.lang.Thread.run(Thread.java:724)
2013-10-11 13:33:37 ERROR debug:144 - 
java.lang.NullPointerException
	at demo.app.ui.HomeController.initComponent(HomeController.java:106)
	at demo.app.ui.HomeController.getView(HomeController.java:92)
	at demo.app.ScreenManager.replaceSceneContent(ScreenManager.java:93)
	at demo.app.ScreenManager.loadHomeScene(ScreenManager.java:49)
	at demo.app.DemoApp.start(DemoApp.java:48)
	at com.sun.javafx.application.LauncherImpl$5.run(LauncherImpl.java:319)
	at com.sun.javafx.application.PlatformImpl$5.run(PlatformImpl.java:215)
	at com.sun.javafx.application.PlatformImpl$4$1.run(PlatformImpl.java:179)
	at com.sun.javafx.application.PlatformImpl$4$1.run(PlatformImpl.java:176)
	at java.security.AccessController.doPrivileged(Native Method)
	at com.sun.javafx.application.PlatformImpl$4.run(PlatformImpl.java:176)
	at com.sun.glass.ui.win.WinApplication._runLoop(Native Method)
	at com.sun.glass.ui.win.WinApplication.access$100(WinApplication.java:29)
	at com.sun.glass.ui.win.WinApplication$3$1.run(WinApplication.java:73)
	at java.lang.Thread.run(Thread.java:724)
2013-10-11 13:39:55 ERROR debug:144 - 
java.lang.NullPointerException
	at demo.app.ui.HomeController.initComponent(HomeController.java:106)
	at demo.app.ui.HomeController.getView(HomeController.java:92)
	at demo.app.ScreenManager.replaceSceneContent(ScreenManager.java:93)
	at demo.app.ScreenManager.loadHomeScene(ScreenManager.java:49)
	at demo.app.DemoApp.start(DemoApp.java:48)
	at com.sun.javafx.application.LauncherImpl$5.run(LauncherImpl.java:319)
	at com.sun.javafx.application.PlatformImpl$5.run(PlatformImpl.java:215)
	at com.sun.javafx.application.PlatformImpl$4$1.run(PlatformImpl.java:179)
	at com.sun.javafx.application.PlatformImpl$4$1.run(PlatformImpl.java:176)
	at java.security.AccessController.doPrivileged(Native Method)
	at com.sun.javafx.application.PlatformImpl$4.run(PlatformImpl.java:176)
	at com.sun.glass.ui.win.WinApplication._runLoop(Native Method)
	at com.sun.glass.ui.win.WinApplication.access$100(WinApplication.java:29)
	at com.sun.glass.ui.win.WinApplication$3$1.run(WinApplication.java:73)
	at java.lang.Thread.run(Thread.java:724)
2013-10-11 13:44:39 ERROR debug:144 - 
java.lang.ClassCastException: java.util.ArrayList cannot be cast to demo.app.models.PersonModel
	at demo.app.ui.HomeController.initComponent(HomeController.java:103)
	at demo.app.ui.HomeController.getView(HomeController.java:92)
	at demo.app.ScreenManager.replaceSceneContent(ScreenManager.java:93)
	at demo.app.ScreenManager.loadHomeScene(ScreenManager.java:49)
	at demo.app.DemoApp.start(DemoApp.java:48)
	at com.sun.javafx.application.LauncherImpl$5.run(LauncherImpl.java:319)
	at com.sun.javafx.application.PlatformImpl$5.run(PlatformImpl.java:215)
	at com.sun.javafx.application.PlatformImpl$4$1.run(PlatformImpl.java:179)
	at com.sun.javafx.application.PlatformImpl$4$1.run(PlatformImpl.java:176)
	at java.security.AccessController.doPrivileged(Native Method)
	at com.sun.javafx.application.PlatformImpl$4.run(PlatformImpl.java:176)
	at com.sun.glass.ui.win.WinApplication._runLoop(Native Method)
	at com.sun.glass.ui.win.WinApplication.access$100(WinApplication.java:29)
	at com.sun.glass.ui.win.WinApplication$3$1.run(WinApplication.java:73)
	at java.lang.Thread.run(Thread.java:724)
2013-10-11 13:48:04 ERROR debug:144 - 
java.lang.NullPointerException
	at demo.app.ui.HomeController.initComponent(HomeController.java:107)
	at demo.app.ui.HomeController.getView(HomeController.java:92)
	at demo.app.ScreenManager.replaceSceneContent(ScreenManager.java:93)
	at demo.app.ScreenManager.loadHomeScene(ScreenManager.java:49)
	at demo.app.DemoApp.start(DemoApp.java:48)
	at com.sun.javafx.application.LauncherImpl$5.run(LauncherImpl.java:319)
	at com.sun.javafx.application.PlatformImpl$5.run(PlatformImpl.java:215)
	at com.sun.javafx.application.PlatformImpl$4$1.run(PlatformImpl.java:179)
	at com.sun.javafx.application.PlatformImpl$4$1.run(PlatformImpl.java:176)
	at java.security.AccessController.doPrivileged(Native Method)
	at com.sun.javafx.application.PlatformImpl$4.run(PlatformImpl.java:176)
	at com.sun.glass.ui.win.WinApplication._runLoop(Native Method)
	at com.sun.glass.ui.win.WinApplication.access$100(WinApplication.java:29)
	at com.sun.glass.ui.win.WinApplication$3$1.run(WinApplication.java:73)
	at java.lang.Thread.run(Thread.java:724)
2013-10-11 13:55:23 ERROR debug:144 - 
java.lang.NullPointerException
	at demo.app.ui.HomeController.initComponent(HomeController.java:107)
	at demo.app.ui.HomeController.getView(HomeController.java:100)
	at demo.app.ScreenManager.replaceSceneContent(ScreenManager.java:93)
	at demo.app.ScreenManager.loadHomeScene(ScreenManager.java:49)
	at demo.app.DemoApp.start(DemoApp.java:48)
	at com.sun.javafx.application.LauncherImpl$5.run(LauncherImpl.java:319)
	at com.sun.javafx.application.PlatformImpl$5.run(PlatformImpl.java:215)
	at com.sun.javafx.application.PlatformImpl$4$1.run(PlatformImpl.java:179)
	at com.sun.javafx.application.PlatformImpl$4$1.run(PlatformImpl.java:176)
	at java.security.AccessController.doPrivileged(Native Method)
	at com.sun.javafx.application.PlatformImpl$4.run(PlatformImpl.java:176)
	at com.sun.glass.ui.win.WinApplication._runLoop(Native Method)
	at com.sun.glass.ui.win.WinApplication.access$100(WinApplication.java:29)
	at com.sun.glass.ui.win.WinApplication$3$1.run(WinApplication.java:73)
	at java.lang.Thread.run(Thread.java:724)
2013-10-11 13:56:33 ERROR debug:144 - 
java.lang.NullPointerException
	at demo.app.ui.HomeController.initComponent(HomeController.java:111)
	at demo.app.ui.HomeController.getView(HomeController.java:98)
	at demo.app.ScreenManager.replaceSceneContent(ScreenManager.java:93)
	at demo.app.ScreenManager.loadHomeScene(ScreenManager.java:49)
	at demo.app.DemoApp.start(DemoApp.java:48)
	at com.sun.javafx.application.LauncherImpl$5.run(LauncherImpl.java:319)
	at com.sun.javafx.application.PlatformImpl$5.run(PlatformImpl.java:215)
	at com.sun.javafx.application.PlatformImpl$4$1.run(PlatformImpl.java:179)
	at com.sun.javafx.application.PlatformImpl$4$1.run(PlatformImpl.java:176)
	at java.security.AccessController.doPrivileged(Native Method)
	at com.sun.javafx.application.PlatformImpl$4.run(PlatformImpl.java:176)
	at com.sun.glass.ui.win.WinApplication._runLoop(Native Method)
	at com.sun.glass.ui.win.WinApplication.access$100(WinApplication.java:29)
	at com.sun.glass.ui.win.WinApplication$3$1.run(WinApplication.java:73)
	at java.lang.Thread.run(Thread.java:724)
2013-10-11 14:14:46 ERROR debug:144 - 
demo.app.exceptions.RuntimeExceptionWrapper: Could not load FXML file from: Home.fxml
	at javafx.fxml.FXMLLoader$Element.processEventHandlerAttributes(FXMLLoader.java:492)
	at javafx.fxml.FXMLLoader$ValueElement.processEndElement(FXMLLoader.java:589)
	at javafx.fxml.FXMLLoader.processEndElement(FXMLLoader.java:2430)
	at javafx.fxml.FXMLLoader.load(FXMLLoader.java:2136)
	at javafx.fxml.FXMLLoader.load(FXMLLoader.java:2028)
	at demo.app.common.ModuleBase.loadViewByPath(ModuleBase.java:46)
	at demo.app.ui.HomeController.initComponent(HomeController.java:113)
	at demo.app.ui.HomeController.getView(HomeController.java:99)
	at demo.app.ScreenManager.replaceSceneContent(ScreenManager.java:93)
	at demo.app.ScreenManager.loadHomeScene(ScreenManager.java:49)
	at demo.app.DemoApp.start(DemoApp.java:48)
	at com.sun.javafx.application.LauncherImpl$5.run(LauncherImpl.java:319)
	at com.sun.javafx.application.PlatformImpl$5.run(PlatformImpl.java:215)
	at com.sun.javafx.application.PlatformImpl$4$1.run(PlatformImpl.java:179)
	at com.sun.javafx.application.PlatformImpl$4$1.run(PlatformImpl.java:176)
	at java.security.AccessController.doPrivileged(Native Method)
	at com.sun.javafx.application.PlatformImpl$4.run(PlatformImpl.java:176)
	at com.sun.glass.ui.win.WinApplication._runLoop(Native Method)
	at com.sun.glass.ui.win.WinApplication.access$100(WinApplication.java:29)
	at com.sun.glass.ui.win.WinApplication$3$1.run(WinApplication.java:73)
	at java.lang.Thread.run(Thread.java:724)
